<?xml version="1.0" encoding="UTF-8"?>
<!-- Generated by org.testng.reporters.JUnitXMLReporter -->
<testsuite hostname="L-SNV36PRG8W-M.local" name="firstTestClass" tests="4" failures="0" timestamp="1 Sep 2015 19:31:23 GMT" time="0.016" errors="0">
  <testcase name="test2" time="0.005" classname="hematestcases.TestNG_TestCases"/>
  <testcase name="test2" time="0.0" classname="hematestcases.TestNG_TestCases"/>
  <testcase name="test2" time="0.0" classname="hematestcases.TestNG_TestCases"/>
  <testcase name="test1" time="0.001" classname="hematestcases.TestNG_TestCases"/>
</testsuite> <!-- firstTestClass -->
