<?xml version="1.0" encoding="UTF-8"?>
<testng-results skipped="0" failed="0" total="1" passed="1">
  <reporter-output>
  </reporter-output>
  <suite name="Default suite" duration-ms="265" started-at="2015-09-24T18:43:35Z" finished-at="2015-09-24T18:43:36Z">
    <groups>
    </groups>
    <test name="Default test" duration-ms="265" started-at="2015-09-24T18:43:35Z" finished-at="2015-09-24T18:43:36Z">
      <class name="hematestcases.DatabaseTesting">
        <test-method status="PASS" signature="beforeClass()[pri:0, instance:hematestcases.DatabaseTesting@3ac42916]" name="beforeClass" is-config="true" duration-ms="247" started-at="2015-09-24T11:43:35Z" finished-at="2015-09-24T11:43:35Z">
          <reporter-output>
          </reporter-output>
        </test-method> <!-- beforeClass -->
        <test-method status="PASS" signature="test()[pri:0, instance:hematestcases.DatabaseTesting@3ac42916]" name="test" duration-ms="7" started-at="2015-09-24T11:43:35Z" finished-at="2015-09-24T11:43:36Z">
          <reporter-output>
          </reporter-output>
        </test-method> <!-- test -->
        <test-method status="PASS" signature="afterclass()[pri:0, instance:hematestcases.DatabaseTesting@3ac42916]" name="afterclass" is-config="true" duration-ms="1" started-at="2015-09-24T11:43:36Z" finished-at="2015-09-24T11:43:36Z">
          <reporter-output>
          </reporter-output>
        </test-method> <!-- afterclass -->
      </class> <!-- hematestcases.DatabaseTesting -->
    </test> <!-- Default test -->
  </suite> <!-- Default suite -->
</testng-results>
